C:\USERS\YINGCHUAN\DESKTOP\CS4670\PROJECT5\SKELETON\BUILD\CMAKEFILES\GENERATE.STAMP
C:\USERS\YINGCHUAN\DESKTOP\CS4670\PROJECT5\SKELETON\BUILD\DEBUG\OD.LIB
C:\Users\Yingchuan\Desktop\CS4670\project5\skeleton\build\od.dir\Debug\cl.command.1.tlog
C:\Users\Yingchuan\Desktop\CS4670\project5\skeleton\build\od.dir\Debug\CL.read.1.tlog
C:\Users\Yingchuan\Desktop\CS4670\project5\skeleton\build\od.dir\Debug\CL.write.1.tlog
C:\USERS\YINGCHUAN\DESKTOP\CS4670\PROJECT5\SKELETON\BUILD\OD.DIR\DEBUG\CROPPEDIMAGEDATABASE.OBJ
C:\Users\Yingchuan\Desktop\CS4670\project5\skeleton\build\od.dir\Debug\custombuild.command.1.tlog
C:\Users\Yingchuan\Desktop\CS4670\project5\skeleton\build\od.dir\Debug\custombuild.read.1.tlog
C:\Users\Yingchuan\Desktop\CS4670\project5\skeleton\build\od.dir\Debug\custombuild.write.1.tlog
C:\USERS\YINGCHUAN\DESKTOP\CS4670\PROJECT5\SKELETON\BUILD\OD.DIR\DEBUG\DETECTION.OBJ
C:\USERS\YINGCHUAN\DESKTOP\CS4670\PROJECT5\SKELETON\BUILD\OD.DIR\DEBUG\FEATURE.OBJ
C:\USERS\YINGCHUAN\DESKTOP\CS4670\PROJECT5\SKELETON\BUILD\OD.DIR\DEBUG\FILEIO.OBJ
C:\USERS\YINGCHUAN\DESKTOP\CS4670\PROJECT5\SKELETON\BUILD\OD.DIR\DEBUG\IMAGEDATABASE.OBJ
C:\Users\Yingchuan\Desktop\CS4670\project5\skeleton\build\od.dir\Debug\lib.command.1.tlog
C:\Users\Yingchuan\Desktop\CS4670\project5\skeleton\build\od.dir\Debug\Lib-link.read.1.tlog
C:\Users\Yingchuan\Desktop\CS4670\project5\skeleton\build\od.dir\Debug\Lib-link.write.1.tlog
C:\USERS\YINGCHUAN\DESKTOP\CS4670\PROJECT5\SKELETON\BUILD\OD.DIR\DEBUG\OBJECTDETECTOR.OBJ
C:\Users\Yingchuan\Desktop\CS4670\project5\skeleton\build\od.dir\Debug\od.write.1.tlog
C:\USERS\YINGCHUAN\DESKTOP\CS4670\PROJECT5\SKELETON\BUILD\OD.DIR\DEBUG\PARAMETERSMAP.OBJ
C:\USERS\YINGCHUAN\DESKTOP\CS4670\PROJECT5\SKELETON\BUILD\OD.DIR\DEBUG\PRECISIONRECALL.OBJ
C:\USERS\YINGCHUAN\DESKTOP\CS4670\PROJECT5\SKELETON\BUILD\OD.DIR\DEBUG\SUPPORTVECTORMACHINE.OBJ
C:\USERS\YINGCHUAN\DESKTOP\CS4670\PROJECT5\SKELETON\BUILD\OD.DIR\DEBUG\UTILS.OBJ
C:\USERS\YINGCHUAN\DESKTOP\CS4670\PROJECT5\SKELETON\BUILD\OD.DIR\DEBUG\VC100.PDB
