C:\USERS\YINGCHUAN\DESKTOP\CS4670\PROJECT5\SKELETON\BUILD\CMAKEFILES\GENERATE.STAMP
C:\USERS\YINGCHUAN\DESKTOP\CS4670\PROJECT5\SKELETON\BUILD\DEBUG\OBJDET.EXE
C:\USERS\YINGCHUAN\DESKTOP\CS4670\PROJECT5\SKELETON\BUILD\DEBUG\OBJDET.ILK
C:\USERS\YINGCHUAN\DESKTOP\CS4670\PROJECT5\SKELETON\BUILD\DEBUG\OBJDET.PDB
C:\Users\Yingchuan\Desktop\CS4670\project5\skeleton\build\objdet.dir\Debug\cl.command.1.tlog
C:\Users\Yingchuan\Desktop\CS4670\project5\skeleton\build\objdet.dir\Debug\CL.read.1.tlog
C:\Users\Yingchuan\Desktop\CS4670\project5\skeleton\build\objdet.dir\Debug\CL.write.1.tlog
C:\USERS\YINGCHUAN\DESKTOP\CS4670\PROJECT5\SKELETON\BUILD\OBJDET.DIR\DEBUG\CONTROLSBOX.OBJ
C:\Users\Yingchuan\Desktop\CS4670\project5\skeleton\build\objdet.dir\Debug\custombuild.command.1.tlog
C:\Users\Yingchuan\Desktop\CS4670\project5\skeleton\build\objdet.dir\Debug\custombuild.read.1.tlog
C:\Users\Yingchuan\Desktop\CS4670\project5\skeleton\build\objdet.dir\Debug\custombuild.write.1.tlog
C:\USERS\YINGCHUAN\DESKTOP\CS4670\PROJECT5\SKELETON\BUILD\OBJDET.DIR\DEBUG\GUICONTROLLER.OBJ
C:\USERS\YINGCHUAN\DESKTOP\CS4670\PROJECT5\SKELETON\BUILD\OBJDET.DIR\DEBUG\GUIMODEL.OBJ
C:\USERS\YINGCHUAN\DESKTOP\CS4670\PROJECT5\SKELETON\BUILD\OBJDET.DIR\DEBUG\IMAGEVIEW.OBJ
C:\USERS\YINGCHUAN\DESKTOP\CS4670\PROJECT5\SKELETON\BUILD\OBJDET.DIR\DEBUG\IMAGEVIEWGL.OBJ
C:\Users\Yingchuan\Desktop\CS4670\project5\skeleton\build\objdet.dir\Debug\link.15624.read.1.tlog
C:\Users\Yingchuan\Desktop\CS4670\project5\skeleton\build\objdet.dir\Debug\link.15624.write.1.tlog
C:\Users\Yingchuan\Desktop\CS4670\project5\skeleton\build\objdet.dir\Debug\link.15624-cvtres.read.1.tlog
C:\Users\Yingchuan\Desktop\CS4670\project5\skeleton\build\objdet.dir\Debug\link.15624-cvtres.write.1.tlog
C:\Users\Yingchuan\Desktop\CS4670\project5\skeleton\build\objdet.dir\Debug\link.command.1.tlog
C:\Users\Yingchuan\Desktop\CS4670\project5\skeleton\build\objdet.dir\Debug\link.read.1.tlog
C:\Users\Yingchuan\Desktop\CS4670\project5\skeleton\build\objdet.dir\Debug\link.write.1.tlog
C:\Users\Yingchuan\Desktop\CS4670\project5\skeleton\build\objdet.dir\Debug\link-cvtres.read.1.tlog
C:\Users\Yingchuan\Desktop\CS4670\project5\skeleton\build\objdet.dir\Debug\link-cvtres.write.1.tlog
C:\USERS\YINGCHUAN\DESKTOP\CS4670\PROJECT5\SKELETON\BUILD\OBJDET.DIR\DEBUG\MAIN.OBJ
C:\Users\Yingchuan\Desktop\CS4670\project5\skeleton\build\objdet.dir\Debug\mt.command.1.tlog
C:\Users\Yingchuan\Desktop\CS4670\project5\skeleton\build\objdet.dir\Debug\mt.read.1.tlog
C:\Users\Yingchuan\Desktop\CS4670\project5\skeleton\build\objdet.dir\Debug\mt.write.1.tlog
C:\USERS\YINGCHUAN\DESKTOP\CS4670\PROJECT5\SKELETON\BUILD\OBJDET.DIR\DEBUG\OBJDET.EXE.EMBED.MANIFEST
C:\USERS\YINGCHUAN\DESKTOP\CS4670\PROJECT5\SKELETON\BUILD\OBJDET.DIR\DEBUG\OBJDET.EXE.EMBED.MANIFEST.RES
C:\USERS\YINGCHUAN\DESKTOP\CS4670\PROJECT5\SKELETON\BUILD\OBJDET.DIR\DEBUG\OBJDET.EXE.INTERMEDIATE.MANIFEST
C:\Users\Yingchuan\Desktop\CS4670\project5\skeleton\build\objdet.dir\Debug\objdet.vcxprojResolveAssemblyReference.cache
C:\Users\Yingchuan\Desktop\CS4670\project5\skeleton\build\objdet.dir\Debug\objdet.write.1.tlog
C:\Users\Yingchuan\Desktop\CS4670\project5\skeleton\build\objdet.dir\Debug\objdet_manifest.rc
C:\Users\Yingchuan\Desktop\CS4670\project5\skeleton\build\objdet.dir\Debug\rc.command.1.tlog
C:\Users\Yingchuan\Desktop\CS4670\project5\skeleton\build\objdet.dir\Debug\rc.read.1.tlog
C:\Users\Yingchuan\Desktop\CS4670\project5\skeleton\build\objdet.dir\Debug\rc.write.1.tlog
C:\USERS\YINGCHUAN\DESKTOP\CS4670\PROJECT5\SKELETON\BUILD\OBJDET.DIR\DEBUG\VC100.PDB
